2019-10-17 14:14:32 [main] INFO  by.epam.action.VanParser - Parsed file
2019-10-17 14:14:32 [main] INFO  by.epam.entity.Van - Starting thread
2019-10-17 14:14:32 [main] INFO  by.epam.entity.Van - Starting thread
2019-10-17 14:14:32 [main] INFO  by.epam.entity.Van - Starting thread
2019-10-17 14:14:32 [main] INFO  by.epam.entity.Van - Starting thread
2019-10-17 14:14:32 [main] INFO  by.epam.entity.Van - Starting thread
2019-10-17 14:14:32 [main] INFO  by.epam.entity.Van - Starting thread
2019-10-17 14:14:32 [main] INFO  by.epam.entity.Van - Starting thread
2019-10-17 14:14:32 [main] INFO  by.epam.entity.Van - Starting thread
2019-10-17 14:14:32 [main] INFO  by.epam.entity.Van - Starting thread
2019-10-17 14:14:32 [main] INFO  by.epam.entity.Van - Starting thread
2019-10-17 14:14:32 [Thread-1] INFO  by.epam.entity.LogisticBase - Handling request from Candies
2019-10-17 14:14:32 [Thread-5] INFO  by.epam.entity.LogisticBase - Handling request from Artifacts
2019-10-17 14:14:32 [Thread-7] INFO  by.epam.entity.LogisticBase - Handling request from Nothing
2019-10-17 14:14:32 [Thread-6] INFO  by.epam.entity.LogisticBase - Handling request from Nothing
2019-10-17 14:14:32 [Thread-5] INFO  by.epam.action.PrioritySemaphore - Artifacts is waiting
2019-10-17 14:14:32 [main] INFO  by.epam.entity.Van - Starting thread
2019-10-17 14:14:32 [Thread-4] INFO  by.epam.entity.LogisticBase - Handling request from Barrels of poison
2019-10-17 14:14:32 [main] INFO  by.epam.entity.Van - Starting thread
2019-10-17 14:14:32 [Thread-2] INFO  by.epam.entity.LogisticBase - Handling request from Bombs
2019-10-17 14:14:32 [Thread-6] INFO  by.epam.action.PrioritySemaphore - Nothing is waiting
2019-10-17 14:14:32 [Thread-6] INFO  by.epam.action.PrioritySemaphore - Nothing is stop waiting
2019-10-17 14:14:32 [Thread-7] INFO  by.epam.action.PrioritySemaphore - Nothing is waiting
2019-10-17 14:14:32 [Thread-1] INFO  by.epam.action.PrioritySemaphore - Candies is waiting
2019-10-17 14:14:32 [Thread-10] INFO  by.epam.entity.LogisticBase - Handling request from Gold
2019-10-17 14:14:32 [Thread-3] INFO  by.epam.entity.LogisticBase - Handling request from Weapons
2019-10-17 14:14:32 [Thread-9] INFO  by.epam.entity.LogisticBase - Handling request from Nothing
2019-10-17 14:14:32 [main] INFO  by.epam.entity.Van - Starting thread
2019-10-17 14:14:32 [Thread-8] INFO  by.epam.entity.LogisticBase - Handling request from Nothing
2019-10-17 14:14:32 [Thread-9] INFO  by.epam.action.PrioritySemaphore - Nothing is waiting
2019-10-17 14:14:32 [Thread-8] INFO  by.epam.action.PrioritySemaphore - Nothing is waiting
2019-10-17 14:14:32 [main] INFO  by.epam.entity.Van - Stopping thread
2019-10-17 14:14:32 [Thread-12] INFO  by.epam.entity.LogisticBase - Handling request from Cooper
2019-10-17 14:14:32 [Thread-7] INFO  by.epam.action.PrioritySemaphore - Nothing is stop waiting
2019-10-17 14:14:32 [Thread-11] INFO  by.epam.entity.LogisticBase - Handling request from Silver
2019-10-17 14:14:32 [Thread-13] INFO  by.epam.entity.LogisticBase - Handling request from Iron
2019-10-17 14:19:17 [main] INFO  by.epam.action.VanParser - Parsed file
2019-10-17 14:19:17 [main] INFO  by.epam.entity.Van - Starting thread
2019-10-17 14:19:17 [main] INFO  by.epam.entity.Van - Starting thread
2019-10-17 14:19:17 [main] INFO  by.epam.entity.Van - Starting thread
2019-10-17 14:19:17 [main] INFO  by.epam.entity.Van - Starting thread
2019-10-17 14:19:17 [main] INFO  by.epam.entity.Van - Starting thread
2019-10-17 14:19:17 [main] INFO  by.epam.entity.Van - Starting thread
2019-10-17 14:19:17 [main] INFO  by.epam.entity.Van - Starting thread
2019-10-17 14:19:17 [main] INFO  by.epam.entity.Van - Starting thread
2019-10-17 14:19:17 [main] INFO  by.epam.entity.Van - Starting thread
2019-10-17 14:19:17 [main] INFO  by.epam.entity.Van - Starting thread
2019-10-17 14:19:17 [main] INFO  by.epam.entity.Van - Starting thread
2019-10-17 14:19:17 [main] INFO  by.epam.entity.Van - Starting thread
2019-10-17 14:19:17 [Thread-9] INFO  by.epam.entity.LogisticBase - Handling request from Nothing
2019-10-17 14:19:17 [Thread-3] INFO  by.epam.entity.LogisticBase - Handling request from Weapons
2019-10-17 14:19:17 [Thread-7] INFO  by.epam.entity.LogisticBase - Handling request from Nothing
2019-10-17 14:19:17 [Thread-6] INFO  by.epam.entity.LogisticBase - Handling request from Nothing
2019-10-17 14:19:17 [Thread-9] INFO  by.epam.action.PrioritySemaphore - Nothing is waiting
2019-10-17 14:19:17 [Thread-6] INFO  by.epam.action.PrioritySemaphore - Nothing is waiting
2019-10-17 14:19:17 [Thread-8] INFO  by.epam.entity.LogisticBase - Handling request from Nothing
2019-10-17 14:19:17 [Thread-2] INFO  by.epam.entity.LogisticBase - Handling request from Bombs
2019-10-17 14:19:17 [Thread-5] INFO  by.epam.entity.LogisticBase - Handling request from Artifacts
2019-10-17 14:19:17 [Thread-5] INFO  by.epam.action.PrioritySemaphore - Artifacts is waiting
2019-10-17 14:19:17 [Thread-3] INFO  by.epam.action.PrioritySemaphore - Weapons is waiting
2019-10-17 14:19:17 [Thread-7] INFO  by.epam.action.PrioritySemaphore - Nothing is waiting
2019-10-17 14:19:17 [Thread-3] INFO  by.epam.action.PrioritySemaphore - Weapons is stop waiting
2019-10-17 14:19:17 [Thread-3] INFO  by.epam.entity.Van - Unloading Weapons
2019-10-17 14:19:17 [Thread-11] INFO  by.epam.entity.LogisticBase - Handling request from Silver
2019-10-17 14:19:17 [Thread-11] INFO  by.epam.action.PrioritySemaphore - Silver is waiting
2019-10-17 14:19:17 [main] INFO  by.epam.entity.Van - Starting thread
2019-10-17 14:19:17 [Thread-1] INFO  by.epam.entity.LogisticBase - Handling request from Candies
2019-10-17 14:19:17 [Thread-10] INFO  by.epam.entity.LogisticBase - Handling request from Gold
2019-10-17 14:19:17 [Thread-8] INFO  by.epam.action.PrioritySemaphore - Nothing is waiting
2019-10-17 14:19:17 [Thread-1] INFO  by.epam.action.PrioritySemaphore - Candies is waiting
2019-10-17 14:19:17 [Thread-9] INFO  by.epam.action.PrioritySemaphore - Nothing is stop waiting
2019-10-17 14:19:17 [Thread-10] INFO  by.epam.action.PrioritySemaphore - Gold is waiting
2019-10-17 14:19:17 [Thread-5] INFO  by.epam.action.PrioritySemaphore - Artifacts is stop waiting
2019-10-17 14:19:17 [Thread-5] INFO  by.epam.entity.Van - Unloading Artifacts
2019-10-17 14:19:17 [Thread-2] INFO  by.epam.action.PrioritySemaphore - Bombs is waiting
2019-10-17 14:19:17 [Thread-6] INFO  by.epam.action.PrioritySemaphore - Nothing is stop waiting
2019-10-17 14:19:17 [Thread-4] INFO  by.epam.entity.LogisticBase - Handling request from Barrels of poison
2019-10-17 14:19:17 [main] INFO  by.epam.entity.Van - Stopping thread
2019-10-17 14:19:17 [Thread-13] INFO  by.epam.entity.LogisticBase - Handling request from Iron
2019-10-17 14:19:17 [Thread-12] INFO  by.epam.entity.LogisticBase - Handling request from Cooper
2019-10-17 14:19:22 [Thread-3] INFO  by.epam.entity.LogisticBase - Ending handling request from Nothing (Thread-3)
2019-10-17 14:19:22 [Thread-13] INFO  by.epam.action.PrioritySemaphore - Iron is waiting
2019-10-17 14:19:22 [Thread-6] INFO  by.epam.entity.Van - Loading Weapons
2019-10-17 14:19:22 [Thread-12] INFO  by.epam.action.PrioritySemaphore - Cooper is waiting
2019-10-17 14:19:22 [Thread-4] INFO  by.epam.action.PrioritySemaphore - Barrels of poison is waiting
2019-10-17 14:19:22 [Thread-10] INFO  by.epam.action.PrioritySemaphore - Gold is stop waiting
2019-10-17 14:19:22 [Thread-10] INFO  by.epam.entity.Van - Unloading Gold
2019-10-17 14:19:22 [Thread-9] INFO  by.epam.entity.Van - Loading Artifacts
2019-10-17 14:19:22 [Thread-5] INFO  by.epam.entity.LogisticBase - Ending handling request from Nothing (Thread-5)
2019-10-17 14:19:22 [Thread-11] INFO  by.epam.action.PrioritySemaphore - Silver is stop waiting
2019-10-17 14:19:22 [Thread-11] INFO  by.epam.entity.Van - Unloading Silver
2019-10-17 14:19:25 [Thread-7] INFO  by.epam.action.PrioritySemaphore - Nothing is stop waiting
2019-10-17 14:19:25 [Thread-6] INFO  by.epam.entity.LogisticBase - Ending handling request from Weapons (Thread-6)
2019-10-17 14:19:25 [Thread-9] INFO  by.epam.entity.LogisticBase - Ending handling request from Artifacts (Thread-9)
2019-10-17 14:19:25 [Thread-8] INFO  by.epam.action.PrioritySemaphore - Nothing is stop waiting
2019-10-17 14:19:27 [Thread-10] INFO  by.epam.entity.LogisticBase - Ending handling request from Nothing (Thread-10)
2019-10-17 14:19:27 [Thread-12] INFO  by.epam.action.PrioritySemaphore - Cooper is stop waiting
2019-10-17 14:19:27 [Thread-7] INFO  by.epam.entity.Van - Loading Gold
2019-10-17 14:19:27 [Thread-12] INFO  by.epam.entity.Van - Unloading Cooper
2019-10-17 14:19:27 [Thread-11] INFO  by.epam.entity.LogisticBase - Ending handling request from Nothing (Thread-11)
2019-10-17 14:19:27 [Thread-8] INFO  by.epam.entity.Van - Loading Silver
2019-10-17 14:19:27 [Thread-13] INFO  by.epam.action.PrioritySemaphore - Iron is stop waiting
2019-10-17 14:19:27 [Thread-13] INFO  by.epam.entity.Van - Unloading Iron
2019-10-17 14:19:30 [Thread-8] INFO  by.epam.entity.LogisticBase - Ending handling request from Silver (Thread-8)
2019-10-17 14:19:30 [Thread-7] INFO  by.epam.entity.LogisticBase - Ending handling request from Gold (Thread-7)
2019-10-17 14:19:32 [Thread-4] INFO  by.epam.action.PrioritySemaphore - Barrels of poison is stop waiting
2019-10-17 14:19:32 [Thread-12] INFO  by.epam.entity.LogisticBase - Ending handling request from Nothing (Thread-12)
2019-10-17 14:19:32 [Thread-4] INFO  by.epam.entity.Van - Unloading Barrels of poison
2019-10-17 14:19:32 [Thread-1] INFO  by.epam.action.PrioritySemaphore - Candies is stop waiting
2019-10-17 14:19:32 [Thread-13] INFO  by.epam.entity.LogisticBase - Ending handling request from Nothing (Thread-13)
2019-10-17 14:19:32 [Thread-1] INFO  by.epam.entity.Van - Unloading Candies
2019-10-17 14:19:37 [Thread-2] INFO  by.epam.action.PrioritySemaphore - Bombs is stop waiting
2019-10-17 14:19:37 [Thread-4] INFO  by.epam.entity.LogisticBase - Ending handling request from Nothing (Thread-4)
2019-10-17 14:19:37 [Thread-2] INFO  by.epam.entity.Van - Unloading Bombs
2019-10-17 14:19:37 [Thread-1] INFO  by.epam.entity.LogisticBase - Ending handling request from Nothing (Thread-1)
2019-10-17 14:19:37 [main] INFO  by.epam.entity.Van - Stopping thread
2019-10-17 14:19:42 [Thread-2] INFO  by.epam.entity.LogisticBase - Ending handling request from Nothing (Thread-2)
2019-10-17 14:19:42 [main] INFO  by.epam.entity.Van - Stopping thread
2019-10-17 14:19:42 [main] INFO  by.epam.entity.Van - Stopping thread
2019-10-17 14:19:42 [main] INFO  by.epam.entity.Van - Stopping thread
2019-10-17 14:19:42 [main] INFO  by.epam.entity.Van - Stopping thread
2019-10-17 14:19:42 [main] INFO  by.epam.entity.Van - Stopping thread
2019-10-17 14:19:42 [main] INFO  by.epam.entity.Van - Stopping thread
2019-10-17 14:19:42 [main] INFO  by.epam.entity.Van - Stopping thread
2019-10-17 14:19:42 [main] INFO  by.epam.entity.Van - Stopping thread
2019-10-17 14:19:42 [main] INFO  by.epam.entity.Van - Stopping thread
2019-10-17 14:19:42 [main] INFO  by.epam.entity.Van - Stopping thread
2019-10-17 14:19:42 [main] INFO  by.epam.entity.Van - Stopping thread
2019-10-17 14:21:21 [main] INFO  by.epam.action.VanParser - Parsed file
2019-10-17 14:21:21 [main] INFO  by.epam.entity.Van - Starting thread
2019-10-17 14:21:21 [main] INFO  by.epam.entity.Van - Starting thread
2019-10-17 14:21:21 [main] INFO  by.epam.entity.Van - Starting thread
2019-10-17 14:21:21 [main] INFO  by.epam.entity.Van - Starting thread
2019-10-17 14:21:21 [main] INFO  by.epam.entity.Van - Starting thread
2019-10-17 14:21:21 [main] INFO  by.epam.entity.Van - Starting thread
2019-10-17 14:21:21 [main] INFO  by.epam.entity.Van - Starting thread
2019-10-17 14:21:21 [main] INFO  by.epam.entity.Van - Starting thread
2019-10-17 14:21:21 [main] INFO  by.epam.entity.Van - Starting thread
2019-10-17 14:21:21 [main] INFO  by.epam.entity.Van - Starting thread
2019-10-17 14:21:21 [main] INFO  by.epam.entity.Van - Starting thread
2019-10-17 14:21:21 [main] INFO  by.epam.entity.Van - Starting thread
2019-10-17 14:21:21 [main] INFO  by.epam.entity.Van - Starting thread
2019-10-17 14:21:21 [main] INFO  by.epam.entity.Van - Stopping thread
2019-10-17 14:21:21 [Thread-9] INFO  by.epam.entity.LogisticBase - Handling request from Nothing
2019-10-17 14:21:21 [Thread-9] INFO  by.epam.action.PrioritySemaphore - Nothing is waiting
2019-10-17 14:21:21 [Thread-10] INFO  by.epam.entity.LogisticBase - Handling request from Gold
2019-10-17 14:21:21 [Thread-2] INFO  by.epam.entity.LogisticBase - Handling request from Bombs
2019-10-17 14:21:21 [Thread-3] INFO  by.epam.entity.LogisticBase - Handling request from Weapons
2019-10-17 14:21:21 [Thread-4] INFO  by.epam.entity.LogisticBase - Handling request from Barrels of poison
2019-10-17 14:21:21 [Thread-1] INFO  by.epam.entity.LogisticBase - Handling request from Candies
2019-10-17 14:21:21 [Thread-8] INFO  by.epam.entity.LogisticBase - Handling request from Nothing
2019-10-17 14:21:21 [Thread-2] INFO  by.epam.action.PrioritySemaphore - Bombs is waiting
2019-10-17 14:21:21 [Thread-7] INFO  by.epam.entity.LogisticBase - Handling request from Nothing
2019-10-17 14:21:21 [Thread-1] INFO  by.epam.action.PrioritySemaphore - Candies is waiting
2019-10-17 14:21:21 [Thread-13] INFO  by.epam.entity.LogisticBase - Handling request from Iron
2019-10-17 14:21:21 [Thread-5] INFO  by.epam.entity.LogisticBase - Handling request from Artifacts
2019-10-17 14:21:21 [Thread-9] INFO  by.epam.action.PrioritySemaphore - Nothing is stop waiting
2019-10-17 14:21:21 [Thread-3] INFO  by.epam.action.PrioritySemaphore - Weapons is waiting
2019-10-17 14:21:21 [Thread-7] INFO  by.epam.action.PrioritySemaphore - Nothing is waiting
2019-10-17 14:21:21 [Thread-11] INFO  by.epam.entity.LogisticBase - Handling request from Silver
2019-10-17 14:21:21 [Thread-12] INFO  by.epam.entity.LogisticBase - Handling request from Cooper
2019-10-17 14:21:21 [Thread-4] INFO  by.epam.action.PrioritySemaphore - Barrels of poison is waiting
2019-10-17 14:21:21 [Thread-13] INFO  by.epam.action.PrioritySemaphore - Iron is waiting
2019-10-17 14:21:21 [Thread-11] INFO  by.epam.action.PrioritySemaphore - Silver is waiting
2019-10-17 14:21:21 [Thread-10] INFO  by.epam.action.PrioritySemaphore - Gold is waiting
2019-10-17 14:21:21 [Thread-5] INFO  by.epam.action.PrioritySemaphore - Artifacts is waiting
2019-10-17 14:21:21 [Thread-8] INFO  by.epam.action.PrioritySemaphore - Nothing is waiting
2019-10-17 14:21:21 [Thread-12] INFO  by.epam.action.PrioritySemaphore - Cooper is waiting
2019-10-17 14:21:21 [Thread-10] INFO  by.epam.action.PrioritySemaphore - Gold is stop waiting
2019-10-17 14:21:21 [Thread-6] INFO  by.epam.entity.LogisticBase - Handling request from Nothing
2019-10-17 14:21:21 [Thread-10] INFO  by.epam.entity.Van - Unloading Gold
2019-10-17 14:21:21 [Thread-8] INFO  by.epam.action.PrioritySemaphore - Nothing is stop waiting
2019-10-17 14:21:21 [Thread-6] INFO  by.epam.action.PrioritySemaphore - Nothing is waiting
2019-10-17 14:21:21 [Thread-5] INFO  by.epam.action.PrioritySemaphore - Artifacts is stop waiting
2019-10-17 14:21:21 [Thread-5] INFO  by.epam.entity.Van - Unloading Artifacts
2019-10-17 14:21:26 [Thread-10] INFO  by.epam.entity.LogisticBase - Ending handling request from Nothing (Thread-10)
2019-10-17 14:21:26 [Thread-5] INFO  by.epam.entity.LogisticBase - Ending handling request from Nothing (Thread-5)
2019-10-17 14:21:26 [Thread-3] INFO  by.epam.action.PrioritySemaphore - Weapons is stop waiting
2019-10-17 14:21:26 [Thread-11] INFO  by.epam.action.PrioritySemaphore - Silver is stop waiting
2019-10-17 14:21:26 [Thread-9] INFO  by.epam.entity.Van - Loading Artifacts
2019-10-17 14:21:26 [Thread-8] INFO  by.epam.entity.Van - Loading Gold
2019-10-17 14:21:26 [Thread-3] INFO  by.epam.entity.Van - Unloading Weapons
2019-10-17 14:21:26 [Thread-11] INFO  by.epam.entity.Van - Unloading Silver
2019-10-17 14:21:29 [Thread-7] INFO  by.epam.action.PrioritySemaphore - Nothing is stop waiting
2019-10-17 14:21:29 [Thread-8] INFO  by.epam.entity.LogisticBase - Ending handling request from Gold (Thread-8)
2019-10-17 14:21:29 [Thread-9] INFO  by.epam.entity.LogisticBase - Ending handling request from Artifacts (Thread-9)
2019-10-17 14:21:29 [Thread-6] INFO  by.epam.action.PrioritySemaphore - Nothing is stop waiting
2019-10-17 14:21:31 [Thread-13] INFO  by.epam.action.PrioritySemaphore - Iron is stop waiting
2019-10-17 14:21:31 [Thread-7] INFO  by.epam.entity.Van - Loading Weapons
2019-10-17 14:21:31 [Thread-11] INFO  by.epam.entity.LogisticBase - Ending handling request from Nothing (Thread-11)
2019-10-17 14:21:31 [Thread-3] INFO  by.epam.entity.LogisticBase - Ending handling request from Nothing (Thread-3)
2019-10-17 14:21:31 [Thread-6] INFO  by.epam.entity.Van - Loading Silver
2019-10-17 14:21:31 [Thread-1] INFO  by.epam.action.PrioritySemaphore - Candies is stop waiting
2019-10-17 14:21:31 [Thread-13] INFO  by.epam.entity.Van - Unloading Iron
2019-10-17 14:21:31 [Thread-1] INFO  by.epam.entity.Van - Unloading Candies
2019-10-17 14:21:34 [Thread-7] INFO  by.epam.entity.LogisticBase - Ending handling request from Weapons (Thread-7)
2019-10-17 14:21:34 [Thread-6] INFO  by.epam.entity.LogisticBase - Ending handling request from Silver (Thread-6)
2019-10-17 14:21:36 [Thread-4] INFO  by.epam.action.PrioritySemaphore - Barrels of poison is stop waiting
2019-10-17 14:21:36 [Thread-4] INFO  by.epam.entity.Van - Unloading Barrels of poison
2019-10-17 14:21:36 [Thread-12] INFO  by.epam.action.PrioritySemaphore - Cooper is stop waiting
2019-10-17 14:21:36 [Thread-12] INFO  by.epam.entity.Van - Unloading Cooper
2019-10-17 14:21:36 [Thread-1] INFO  by.epam.entity.LogisticBase - Ending handling request from Nothing (Thread-1)
2019-10-17 14:21:36 [Thread-13] INFO  by.epam.entity.LogisticBase - Ending handling request from Nothing (Thread-13)
2019-10-17 14:21:36 [main] INFO  by.epam.entity.Van - Stopping thread
2019-10-17 14:21:41 [Thread-2] INFO  by.epam.action.PrioritySemaphore - Bombs is stop waiting
2019-10-17 14:21:41 [Thread-2] INFO  by.epam.entity.Van - Unloading Bombs
2019-10-17 14:21:41 [Thread-4] INFO  by.epam.entity.LogisticBase - Ending handling request from Nothing (Thread-4)
2019-10-17 14:21:41 [Thread-12] INFO  by.epam.entity.LogisticBase - Ending handling request from Nothing (Thread-12)
2019-10-17 14:21:46 [Thread-2] INFO  by.epam.entity.LogisticBase - Ending handling request from Nothing (Thread-2)
2019-10-17 14:21:46 [main] INFO  by.epam.entity.Van - Stopping thread
2019-10-17 14:21:46 [main] INFO  by.epam.entity.Van - Stopping thread
2019-10-17 14:21:46 [main] INFO  by.epam.entity.Van - Stopping thread
2019-10-17 14:21:46 [main] INFO  by.epam.entity.Van - Stopping thread
2019-10-17 14:21:46 [main] INFO  by.epam.entity.Van - Stopping thread
2019-10-17 14:21:46 [main] INFO  by.epam.entity.Van - Stopping thread
2019-10-17 14:21:46 [main] INFO  by.epam.entity.Van - Stopping thread
2019-10-17 14:21:46 [main] INFO  by.epam.entity.Van - Stopping thread
2019-10-17 14:21:46 [main] INFO  by.epam.entity.Van - Stopping thread
2019-10-17 14:21:46 [main] INFO  by.epam.entity.Van - Stopping thread
2019-10-17 14:21:46 [main] INFO  by.epam.entity.Van - Stopping thread
2019-10-17 14:40:00 [main] INFO  by.epam.action.VanParser - Parsed file
2019-10-17 14:40:00 [main] INFO  by.epam.entity.Van - Starting thread
2019-10-17 14:40:00 [main] INFO  by.epam.entity.Van - Starting thread
2019-10-17 14:40:00 [main] INFO  by.epam.entity.Van - Starting thread
2019-10-17 14:40:00 [main] INFO  by.epam.entity.Van - Starting thread
2019-10-17 14:40:00 [main] INFO  by.epam.entity.Van - Starting thread
2019-10-17 14:40:00 [main] INFO  by.epam.entity.Van - Starting thread
2019-10-17 14:40:00 [main] INFO  by.epam.entity.Van - Starting thread
2019-10-17 14:40:00 [main] INFO  by.epam.entity.Van - Starting thread
2019-10-17 14:40:00 [main] INFO  by.epam.entity.Van - Starting thread
2019-10-17 14:40:00 [main] INFO  by.epam.entity.Van - Starting thread
2019-10-17 14:40:00 [main] INFO  by.epam.entity.Van - Starting thread
2019-10-17 14:40:00 [main] INFO  by.epam.entity.Van - Starting thread
2019-10-17 14:40:00 [main] INFO  by.epam.entity.Van - Starting thread
2019-10-17 14:40:00 [main] INFO  by.epam.entity.Van - Stopping thread
2019-10-17 14:40:00 [Thread-8] INFO  by.epam.entity.LogisticBase - Handling request from Nothing
2019-10-17 14:40:00 [Thread-9] INFO  by.epam.entity.LogisticBase - Handling request from Nothing
2019-10-17 14:40:00 [Thread-8] INFO  by.epam.action.PrioritySemaphore - Nothing is waiting
2019-10-17 14:40:00 [Thread-7] INFO  by.epam.entity.LogisticBase - Handling request from Nothing
2019-10-17 14:40:00 [Thread-5] INFO  by.epam.entity.LogisticBase - Handling request from Artifacts
2019-10-17 14:40:00 [Thread-10] INFO  by.epam.entity.LogisticBase - Handling request from Gold
2019-10-17 14:40:00 [Thread-10] INFO  by.epam.action.PrioritySemaphore - Gold is waiting
2019-10-17 14:40:00 [Thread-5] INFO  by.epam.action.PrioritySemaphore - Artifacts is waiting
2019-10-17 14:40:00 [Thread-12] INFO  by.epam.entity.LogisticBase - Handling request from Cooper
2019-10-17 14:40:00 [Thread-5] INFO  by.epam.action.PrioritySemaphore - Artifacts is stop waiting
2019-10-17 14:40:00 [Thread-12] INFO  by.epam.action.PrioritySemaphore - Cooper is waiting
2019-10-17 14:40:00 [Thread-5] INFO  by.epam.entity.Van - Unloading Artifacts
2019-10-17 14:40:00 [Thread-2] INFO  by.epam.entity.LogisticBase - Handling request from Bombs
2019-10-17 14:40:00 [Thread-2] INFO  by.epam.action.PrioritySemaphore - Bombs is waiting
2019-10-17 14:40:00 [Thread-3] INFO  by.epam.entity.LogisticBase - Handling request from Weapons
2019-10-17 14:40:00 [Thread-3] INFO  by.epam.action.PrioritySemaphore - Weapons is waiting
2019-10-17 14:40:00 [Thread-4] INFO  by.epam.entity.LogisticBase - Handling request from Barrels of poison
2019-10-17 14:40:00 [Thread-4] INFO  by.epam.action.PrioritySemaphore - Barrels of poison is waiting
2019-10-17 14:40:00 [Thread-6] INFO  by.epam.entity.LogisticBase - Handling request from Nothing
2019-10-17 14:40:00 [Thread-11] INFO  by.epam.entity.LogisticBase - Handling request from Silver
2019-10-17 14:40:00 [Thread-11] INFO  by.epam.action.PrioritySemaphore - Silver is waiting
2019-10-17 14:40:00 [Thread-8] INFO  by.epam.action.PrioritySemaphore - Nothing is stop waiting
2019-10-17 14:40:00 [Thread-7] INFO  by.epam.action.PrioritySemaphore - Nothing is waiting
2019-10-17 14:40:00 [Thread-8] INFO  by.epam.entity.LogisticBase - Storage is empty
2019-10-17 14:40:00 [Thread-9] INFO  by.epam.action.PrioritySemaphore - Nothing is waiting
2019-10-17 14:40:00 [Thread-6] INFO  by.epam.action.PrioritySemaphore - Nothing is waiting
2019-10-17 14:40:00 [Thread-9] INFO  by.epam.action.PrioritySemaphore - Nothing is stop waiting
2019-10-17 14:40:00 [Thread-9] INFO  by.epam.entity.LogisticBase - Storage is empty
2019-10-17 14:40:00 [Thread-13] INFO  by.epam.entity.LogisticBase - Handling request from Iron
2019-10-17 14:40:00 [Thread-10] INFO  by.epam.action.PrioritySemaphore - Gold is stop waiting
2019-10-17 14:40:00 [Thread-13] INFO  by.epam.action.PrioritySemaphore - Iron is waiting
2019-10-17 14:40:00 [Thread-10] INFO  by.epam.entity.Van - Unloading Gold
2019-10-17 14:40:00 [Thread-1] INFO  by.epam.entity.LogisticBase - Handling request from Candies
2019-10-17 14:40:00 [Thread-1] INFO  by.epam.action.PrioritySemaphore - Candies is waiting
2019-10-17 14:40:05 [Thread-8] INFO  by.epam.entity.Van - Loading Artifacts
2019-10-17 14:40:05 [Thread-5] INFO  by.epam.entity.LogisticBase - Ending handling request from Nothing
2019-10-17 14:40:05 [Thread-11] INFO  by.epam.action.PrioritySemaphore - Silver is stop waiting
2019-10-17 14:40:05 [Thread-11] INFO  by.epam.entity.Van - Unloading Silver
2019-10-17 14:40:05 [Thread-10] INFO  by.epam.entity.LogisticBase - Ending handling request from Nothing
2019-10-17 14:40:05 [Thread-1] INFO  by.epam.action.PrioritySemaphore - Candies is stop waiting
2019-10-17 14:40:05 [Thread-9] INFO  by.epam.entity.Van - Loading Gold
2019-10-17 14:40:05 [Thread-1] INFO  by.epam.entity.Van - Unloading Candies
2019-10-17 14:40:08 [Thread-8] INFO  by.epam.entity.LogisticBase - Ending handling request from Artifacts
2019-10-17 14:40:08 [Thread-6] INFO  by.epam.action.PrioritySemaphore - Nothing is stop waiting
2019-10-17 14:40:08 [Thread-6] INFO  by.epam.entity.LogisticBase - Storage is empty
2019-10-17 14:40:08 [Thread-9] INFO  by.epam.entity.LogisticBase - Ending handling request from Gold
2019-10-17 14:40:08 [Thread-7] INFO  by.epam.action.PrioritySemaphore - Nothing is stop waiting
2019-10-17 14:40:08 [Thread-7] INFO  by.epam.entity.LogisticBase - Storage is empty
2019-10-17 14:40:10 [Thread-11] INFO  by.epam.entity.LogisticBase - Ending handling request from Nothing
2019-10-17 14:40:10 [Thread-6] INFO  by.epam.entity.Van - Loading Silver
2019-10-17 14:40:10 [Thread-13] INFO  by.epam.action.PrioritySemaphore - Iron is stop waiting
2019-10-17 14:40:10 [Thread-13] INFO  by.epam.entity.Van - Unloading Iron
2019-10-17 14:40:10 [Thread-7] INFO  by.epam.entity.Van - Loading Candies
2019-10-17 14:40:10 [Thread-4] INFO  by.epam.action.PrioritySemaphore - Barrels of poison is stop waiting
2019-10-17 14:40:10 [Thread-4] INFO  by.epam.entity.Van - Unloading Barrels of poison
2019-10-17 14:40:10 [Thread-1] INFO  by.epam.entity.LogisticBase - Ending handling request from Nothing
2019-10-17 14:40:10 [main] INFO  by.epam.entity.Van - Stopping thread
2019-10-17 14:40:13 [Thread-6] INFO  by.epam.entity.LogisticBase - Ending handling request from Silver
2019-10-17 14:40:13 [Thread-7] INFO  by.epam.entity.LogisticBase - Ending handling request from Candies
2019-10-17 14:40:15 [Thread-13] INFO  by.epam.entity.LogisticBase - Ending handling request from Nothing
2019-10-17 14:40:15 [Thread-3] INFO  by.epam.action.PrioritySemaphore - Weapons is stop waiting
2019-10-17 14:40:15 [Thread-3] INFO  by.epam.entity.Van - Unloading Weapons
2019-10-17 14:40:15 [Thread-4] INFO  by.epam.entity.LogisticBase - Ending handling request from Nothing
2019-10-17 14:40:15 [Thread-2] INFO  by.epam.action.PrioritySemaphore - Bombs is stop waiting
2019-10-17 14:40:15 [Thread-2] INFO  by.epam.entity.Van - Unloading Bombs
2019-10-17 14:40:20 [Thread-12] INFO  by.epam.action.PrioritySemaphore - Cooper is stop waiting
2019-10-17 14:40:20 [Thread-3] INFO  by.epam.entity.LogisticBase - Ending handling request from Nothing
2019-10-17 14:40:20 [Thread-12] INFO  by.epam.entity.Van - Unloading Cooper
2019-10-17 14:40:20 [Thread-2] INFO  by.epam.entity.LogisticBase - Ending handling request from Nothing
2019-10-17 14:40:20 [main] INFO  by.epam.entity.Van - Stopping thread
2019-10-17 14:40:20 [main] INFO  by.epam.entity.Van - Stopping thread
2019-10-17 14:40:20 [main] INFO  by.epam.entity.Van - Stopping thread
2019-10-17 14:40:20 [main] INFO  by.epam.entity.Van - Stopping thread
2019-10-17 14:40:20 [main] INFO  by.epam.entity.Van - Stopping thread
2019-10-17 14:40:20 [main] INFO  by.epam.entity.Van - Stopping thread
2019-10-17 14:40:20 [main] INFO  by.epam.entity.Van - Stopping thread
2019-10-17 14:40:20 [main] INFO  by.epam.entity.Van - Stopping thread
2019-10-17 14:40:20 [main] INFO  by.epam.entity.Van - Stopping thread
2019-10-17 14:40:20 [main] INFO  by.epam.entity.Van - Stopping thread
2019-10-17 14:40:25 [Thread-12] INFO  by.epam.entity.LogisticBase - Ending handling request from Nothing
2019-10-17 14:40:25 [main] INFO  by.epam.entity.Van - Stopping thread
2019-10-17 14:47:37 [main] INFO  by.epam.action.VanParser - Parsed file
2019-10-17 14:47:37 [main] INFO  by.epam.entity.Van - Starting thread
2019-10-17 14:47:37 [main] INFO  by.epam.entity.Van - Starting thread
2019-10-17 14:47:37 [main] INFO  by.epam.entity.Van - Starting thread
2019-10-17 14:47:37 [main] INFO  by.epam.entity.Van - Starting thread
2019-10-17 14:47:37 [main] INFO  by.epam.entity.Van - Starting thread
2019-10-17 14:47:37 [main] INFO  by.epam.entity.Van - Starting thread
2019-10-17 14:47:37 [main] INFO  by.epam.entity.Van - Starting thread
2019-10-17 14:47:37 [main] INFO  by.epam.entity.Van - Starting thread
2019-10-17 14:47:37 [main] INFO  by.epam.entity.Van - Starting thread
2019-10-17 14:47:37 [main] INFO  by.epam.entity.Van - Starting thread
2019-10-17 14:47:37 [main] INFO  by.epam.entity.Van - Starting thread
2019-10-17 14:47:37 [main] INFO  by.epam.entity.Van - Starting thread
2019-10-17 14:47:37 [main] INFO  by.epam.entity.Van - Starting thread
2019-10-17 14:47:37 [Thread-9] INFO  by.epam.entity.LogisticBase - Handling request from Nothing
2019-10-17 14:47:37 [Thread-8] INFO  by.epam.entity.LogisticBase - Handling request from Nothing
2019-10-17 14:47:37 [Thread-1] INFO  by.epam.entity.LogisticBase - Handling request from Candies
2019-10-17 14:47:37 [Thread-10] INFO  by.epam.entity.LogisticBase - Handling request from Gold
2019-10-17 14:47:37 [Thread-6] INFO  by.epam.entity.LogisticBase - Handling request from Nothing
2019-10-17 14:47:37 [Thread-7] INFO  by.epam.entity.LogisticBase - Handling request from Nothing
2019-10-17 14:47:37 [Thread-9] INFO  by.epam.action.PrioritySemaphore - Nothing is waiting
2019-10-17 14:47:37 [Thread-7] INFO  by.epam.action.PrioritySemaphore - Nothing is waiting
2019-10-17 14:47:37 [Thread-10] INFO  by.epam.action.PrioritySemaphore - Gold is waiting
2019-10-17 14:47:37 [Thread-9] INFO  by.epam.action.PrioritySemaphore - Nothing is stop waiting
2019-10-17 14:47:37 [Thread-10] INFO  by.epam.action.PrioritySemaphore - Gold is stop waiting
2019-10-17 14:47:37 [Thread-8] INFO  by.epam.action.PrioritySemaphore - Nothing is waiting
2019-10-17 14:47:37 [Thread-1] INFO  by.epam.action.PrioritySemaphore - Candies is waiting
2019-10-17 14:47:37 [Thread-4] INFO  by.epam.entity.LogisticBase - Handling request from Barrels of poison
2019-10-17 14:47:37 [Thread-7] INFO  by.epam.action.PrioritySemaphore - Nothing is stop waiting
2019-10-17 14:47:37 [Thread-1] INFO  by.epam.action.PrioritySemaphore - Candies is stop waiting
2019-10-17 14:47:37 [Thread-2] INFO  by.epam.entity.LogisticBase - Handling request from Bombs
2019-10-17 14:47:37 [Thread-2] INFO  by.epam.action.PrioritySemaphore - Bombs is waiting
2019-10-17 14:47:37 [Thread-12] INFO  by.epam.entity.LogisticBase - Handling request from Cooper
2019-10-17 14:47:37 [Thread-5] INFO  by.epam.entity.LogisticBase - Handling request from Artifacts
2019-10-17 14:47:37 [Thread-4] INFO  by.epam.action.PrioritySemaphore - Barrels of poison is waiting
2019-10-17 14:47:37 [Thread-5] INFO  by.epam.action.PrioritySemaphore - Artifacts is waiting
2019-10-17 14:47:37 [Thread-12] INFO  by.epam.action.PrioritySemaphore - Cooper is waiting
2019-10-17 14:47:37 [Thread-11] INFO  by.epam.entity.LogisticBase - Handling request from Silver
2019-10-17 14:47:37 [Thread-9] INFO  by.epam.entity.LogisticBase - Storage is empty
2019-10-17 14:47:37 [Thread-3] INFO  by.epam.entity.LogisticBase - Handling request from Weapons
2019-10-17 14:47:37 [Thread-6] INFO  by.epam.action.PrioritySemaphore - Nothing is waiting
2019-10-17 14:47:37 [Thread-10] INFO  by.epam.entity.Van - Unloading Gold
2019-10-17 14:47:37 [Thread-7] INFO  by.epam.entity.LogisticBase - Storage is empty
2019-10-17 14:47:37 [Thread-1] INFO  by.epam.entity.Van - Unloading Candies
2019-10-17 14:47:37 [main] INFO  by.epam.entity.Van - Stopping thread
2019-10-17 14:47:37 [Thread-13] INFO  by.epam.entity.LogisticBase - Handling request from Iron
2019-10-17 14:47:42 [Thread-11] INFO  by.epam.action.PrioritySemaphore - Silver is waiting
2019-10-17 14:47:42 [Thread-7] INFO  by.epam.entity.Van - Loading Candies
2019-10-17 14:47:42 [Thread-10] INFO  by.epam.entity.LogisticBase - Ending handling request from Nothing
2019-10-17 14:47:42 [Thread-2] INFO  by.epam.action.PrioritySemaphore - Bombs is stop waiting
2019-10-17 14:47:42 [Thread-13] INFO  by.epam.action.PrioritySemaphore - Iron is waiting
2019-10-17 14:47:42 [Thread-9] INFO  by.epam.entity.Van - Loading Gold
2019-10-17 14:47:42 [Thread-1] INFO  by.epam.entity.LogisticBase - Ending handling request from Nothing
2019-10-17 14:47:42 [Thread-3] INFO  by.epam.action.PrioritySemaphore - Weapons is waiting
2019-10-17 14:47:42 [Thread-5] INFO  by.epam.action.PrioritySemaphore - Artifacts is stop waiting
2019-10-17 14:47:42 [Thread-2] INFO  by.epam.entity.Van - Unloading Bombs
2019-10-17 14:47:42 [main] INFO  by.epam.entity.Van - Stopping thread
2019-10-17 14:47:42 [Thread-5] INFO  by.epam.entity.Van - Unloading Artifacts
2019-10-17 14:47:45 [Thread-6] INFO  by.epam.action.PrioritySemaphore - Nothing is stop waiting
2019-10-17 14:47:45 [Thread-7] INFO  by.epam.entity.LogisticBase - Ending handling request from Candies
2019-10-17 14:47:45 [Thread-9] INFO  by.epam.entity.LogisticBase - Ending handling request from Gold
2019-10-17 14:47:45 [Thread-8] INFO  by.epam.action.PrioritySemaphore - Nothing is stop waiting
2019-10-17 14:47:45 [Thread-6] INFO  by.epam.entity.LogisticBase - Storage is empty
2019-10-17 14:47:45 [Thread-8] INFO  by.epam.entity.LogisticBase - Storage is empty
2019-10-17 14:47:47 [Thread-2] INFO  by.epam.entity.LogisticBase - Ending handling request from Nothing
2019-10-17 14:47:47 [Thread-13] INFO  by.epam.action.PrioritySemaphore - Iron is stop waiting
2019-10-17 14:47:47 [Thread-6] INFO  by.epam.entity.Van - Loading Bombs
2019-10-17 14:47:47 [Thread-13] INFO  by.epam.entity.Van - Unloading Iron
2019-10-17 14:47:47 [main] INFO  by.epam.entity.Van - Stopping thread
2019-10-17 14:47:47 [Thread-5] INFO  by.epam.entity.LogisticBase - Ending handling request from Nothing
2019-10-17 14:47:47 [Thread-8] INFO  by.epam.entity.Van - Loading Artifacts
2019-10-17 14:47:47 [Thread-3] INFO  by.epam.action.PrioritySemaphore - Weapons is stop waiting
2019-10-17 14:47:47 [Thread-3] INFO  by.epam.entity.Van - Unloading Weapons
2019-10-17 14:47:50 [Thread-6] INFO  by.epam.entity.LogisticBase - Ending handling request from Bombs
2019-10-17 14:47:50 [Thread-8] INFO  by.epam.entity.LogisticBase - Ending handling request from Artifacts
2019-10-17 14:47:52 [Thread-13] INFO  by.epam.entity.LogisticBase - Ending handling request from Nothing
2019-10-17 14:47:52 [Thread-11] INFO  by.epam.action.PrioritySemaphore - Silver is stop waiting
2019-10-17 14:47:52 [Thread-11] INFO  by.epam.entity.Van - Unloading Silver
2019-10-17 14:47:52 [Thread-3] INFO  by.epam.entity.LogisticBase - Ending handling request from Nothing
2019-10-17 14:47:52 [Thread-12] INFO  by.epam.action.PrioritySemaphore - Cooper is stop waiting
2019-10-17 14:47:52 [main] INFO  by.epam.entity.Van - Stopping thread
2019-10-17 14:47:52 [Thread-12] INFO  by.epam.entity.Van - Unloading Cooper
2019-10-17 14:47:57 [Thread-11] INFO  by.epam.entity.LogisticBase - Ending handling request from Nothing
2019-10-17 14:47:57 [Thread-4] INFO  by.epam.action.PrioritySemaphore - Barrels of poison is stop waiting
2019-10-17 14:47:57 [Thread-4] INFO  by.epam.entity.Van - Unloading Barrels of poison
2019-10-17 14:47:57 [Thread-12] INFO  by.epam.entity.LogisticBase - Ending handling request from Nothing
2019-10-17 14:48:02 [Thread-4] INFO  by.epam.entity.LogisticBase - Ending handling request from Nothing
2019-10-17 14:48:02 [main] INFO  by.epam.entity.Van - Stopping thread
2019-10-17 14:48:02 [main] INFO  by.epam.entity.Van - Stopping thread
2019-10-17 14:48:02 [main] INFO  by.epam.entity.Van - Stopping thread
2019-10-17 14:48:02 [main] INFO  by.epam.entity.Van - Stopping thread
2019-10-17 14:48:02 [main] INFO  by.epam.entity.Van - Stopping thread
2019-10-17 14:48:02 [main] INFO  by.epam.entity.Van - Stopping thread
2019-10-17 14:48:02 [main] INFO  by.epam.entity.Van - Stopping thread
2019-10-17 14:48:02 [main] INFO  by.epam.entity.Van - Stopping thread
2019-10-17 14:48:02 [main] INFO  by.epam.entity.Van - Stopping thread
