2019-09-21 11:28:48 [main] INFO  by.epam.app.action.Calculator - Cone does't intersect
2019-09-21 11:28:48 [main] INFO  by.epam.app.action.Calculator - Area calculated
2019-09-21 11:28:48 [main] INFO  by.epam.app.action.Calculator - Volume calculated
2019-09-21 11:28:48 [main] INFO  by.epam.app.action.Calculator - Volume calculated
2019-09-21 11:28:48 [main] INFO  by.epam.app.action.Calculator - Volume Compare calculated
2019-09-21 11:28:48 [main] INFO  by.epam.app.action.Calculator - Area calculated
2019-09-21 11:28:48 [main] INFO  by.epam.app.action.Calculator - Volume calculated
2019-09-21 11:28:48 [main] INFO  by.epam.app.action.Calculator - Volume calculated
2019-09-21 11:28:48 [main] INFO  by.epam.app.action.Calculator - Volume Compare calculated
2019-09-21 11:28:48 [main] INFO  by.epam.app.action.Calculator - Area calculated
2019-09-21 11:28:48 [main] INFO  by.epam.app.action.Calculator - Volume calculated
2019-09-21 11:28:48 [main] INFO  by.epam.app.action.Calculator - Volume calculated
2019-09-21 11:28:48 [main] INFO  by.epam.app.action.Calculator - Volume Compare calculated
2019-09-21 11:28:48 [main] INFO  by.epam.app.action.Calculator - Area calculated
2019-09-21 11:28:48 [main] INFO  by.epam.app.action.Calculator - Volume calculated
2019-09-21 11:28:48 [main] INFO  by.epam.app.action.Calculator - Volume calculated
2019-09-21 11:28:48 [main] INFO  by.epam.app.action.Calculator - Volume Compare calculated
2019-09-21 11:29:08 [main] INFO  by.epam.app.action.Calculator - Area calculated
2019-09-21 11:29:08 [main] INFO  by.epam.app.action.Calculator - Volume calculated
2019-09-21 11:29:08 [main] INFO  by.epam.app.action.Calculator - Volume calculated
2019-09-21 11:29:08 [main] INFO  by.epam.app.action.Calculator - Cone does't intersect
2019-09-21 11:29:08 [main] INFO  by.epam.app.action.Calculator - Area calculated
2019-09-21 11:29:08 [main] INFO  by.epam.app.action.Calculator - Volume calculated
2019-09-21 11:29:08 [main] INFO  by.epam.app.action.Calculator - Volume calculated
2019-09-21 11:29:08 [main] INFO  by.epam.app.action.Calculator - Cone does't intersect
2019-09-21 11:29:08 [main] INFO  by.epam.app.action.Calculator - Area calculated
2019-09-21 11:29:08 [main] INFO  by.epam.app.action.Calculator - Volume calculated
2019-09-21 11:29:08 [main] INFO  by.epam.app.action.Calculator - Volume calculated
2019-09-21 11:29:08 [main] INFO  by.epam.app.action.Calculator - Cone does't intersect
2019-09-21 11:29:08 [main] INFO  by.epam.app.action.Calculator - Area calculated
2019-09-21 11:29:08 [main] INFO  by.epam.app.action.Calculator - Volume calculated
2019-09-21 11:29:08 [main] INFO  by.epam.app.action.Calculator - Volume calculated
2019-09-21 11:29:08 [main] INFO  by.epam.app.action.Calculator - Cone does't intersect
2019-09-21 11:29:08 [main] INFO  by.epam.app.action.Calculator - Area calculated
2019-09-21 11:29:08 [main] INFO  by.epam.app.action.Calculator - Volume calculated
2019-09-21 11:29:08 [main] INFO  by.epam.app.action.Calculator - Volume calculated
2019-09-21 11:29:08 [main] INFO  by.epam.app.action.Calculator - Volume Compare calculated
2019-09-21 11:29:08 [main] INFO  by.epam.app.action.Calculator - Area calculated
2019-09-21 11:29:08 [main] INFO  by.epam.app.action.Calculator - Volume calculated
2019-09-21 11:29:08 [main] INFO  by.epam.app.action.Calculator - Volume calculated
2019-09-21 11:29:08 [main] INFO  by.epam.app.action.Calculator - Volume Compare calculated
2019-09-21 11:29:08 [main] INFO  by.epam.app.action.Calculator - Area calculated
2019-09-21 11:29:08 [main] INFO  by.epam.app.action.Calculator - Volume calculated
2019-09-21 11:29:08 [main] INFO  by.epam.app.action.Calculator - Volume calculated
2019-09-21 11:29:08 [main] INFO  by.epam.app.action.Calculator - Volume Compare calculated
2019-09-21 11:29:08 [main] INFO  by.epam.app.action.Calculator - Area calculated
2019-09-21 11:29:08 [main] INFO  by.epam.app.action.Calculator - Volume calculated
2019-09-21 11:29:08 [main] INFO  by.epam.app.action.Calculator - Volume calculated
2019-09-21 11:29:08 [main] INFO  by.epam.app.action.Calculator - Volume Compare calculated
2019-09-21 11:29:19 [main] INFO  by.epam.app.action.Calculator - Area calculated
2019-09-21 11:29:19 [main] INFO  by.epam.app.action.Calculator - Volume calculated
2019-09-21 11:29:19 [main] INFO  by.epam.app.action.Calculator - Volume calculated
2019-09-21 11:29:19 [main] INFO  by.epam.app.action.Calculator - Cone does't intersect
2019-09-21 11:29:19 [main] INFO  by.epam.app.action.Calculator - Area calculated
2019-09-21 11:29:19 [main] INFO  by.epam.app.action.Calculator - Volume calculated
2019-09-21 11:29:19 [main] INFO  by.epam.app.action.Calculator - Volume calculated
2019-09-21 11:29:19 [main] INFO  by.epam.app.action.Calculator - Cone does't intersect
2019-09-21 11:29:19 [main] INFO  by.epam.app.action.Calculator - Area calculated
2019-09-21 11:29:19 [main] INFO  by.epam.app.action.Calculator - Volume calculated
2019-09-21 11:29:19 [main] INFO  by.epam.app.action.Calculator - Volume calculated
2019-09-21 11:29:19 [main] INFO  by.epam.app.action.Calculator - Cone does't intersect
2019-09-21 11:29:19 [main] INFO  by.epam.app.action.Calculator - Area calculated
2019-09-21 11:29:19 [main] INFO  by.epam.app.action.Calculator - Volume calculated
2019-09-21 11:29:19 [main] INFO  by.epam.app.action.Calculator - Volume calculated
2019-09-21 11:29:19 [main] INFO  by.epam.app.action.Calculator - Cone does't intersect
2019-09-21 11:29:19 [main] INFO  by.epam.app.action.Calculator - Area calculated
2019-09-21 11:29:19 [main] INFO  by.epam.app.action.Calculator - Volume calculated
2019-09-21 11:29:19 [main] INFO  by.epam.app.action.Calculator - Volume calculated
2019-09-21 11:29:19 [main] INFO  by.epam.app.action.Calculator - Volume Compare calculated
2019-09-21 11:29:19 [main] INFO  by.epam.app.action.Calculator - Area calculated
2019-09-21 11:29:19 [main] INFO  by.epam.app.action.Calculator - Volume calculated
2019-09-21 11:29:19 [main] INFO  by.epam.app.action.Calculator - Volume calculated
2019-09-21 11:29:19 [main] INFO  by.epam.app.action.Calculator - Volume Compare calculated
2019-09-21 11:29:19 [main] INFO  by.epam.app.action.Calculator - Area calculated
2019-09-21 11:29:19 [main] INFO  by.epam.app.action.Calculator - Volume calculated
2019-09-21 11:29:19 [main] INFO  by.epam.app.action.Calculator - Volume calculated
2019-09-21 11:29:19 [main] INFO  by.epam.app.action.Calculator - Volume Compare calculated
2019-09-21 11:29:19 [main] INFO  by.epam.app.action.Calculator - Area calculated
2019-09-21 11:29:19 [main] INFO  by.epam.app.action.Calculator - Volume calculated
2019-09-21 11:29:19 [main] INFO  by.epam.app.action.Calculator - Volume calculated
2019-09-21 11:29:19 [main] INFO  by.epam.app.action.Calculator - Volume Compare calculated
2019-09-21 11:29:53 [main] INFO  by.epam.app.action.Calculator - Area calculated
2019-09-21 11:29:53 [main] INFO  by.epam.app.action.Calculator - Volume calculated
2019-09-21 11:29:53 [main] INFO  by.epam.app.action.Calculator - Volume calculated
2019-09-21 11:29:53 [main] INFO  by.epam.app.action.Calculator - Cone does't intersect
2019-09-21 11:29:53 [main] INFO  by.epam.app.action.Calculator - Area calculated
2019-09-21 11:29:53 [main] INFO  by.epam.app.action.Calculator - Volume calculated
2019-09-21 11:29:53 [main] INFO  by.epam.app.action.Calculator - Volume calculated
2019-09-21 11:29:53 [main] INFO  by.epam.app.action.Calculator - Cone does't intersect
2019-09-21 11:29:53 [main] INFO  by.epam.app.action.Calculator - Area calculated
2019-09-21 11:29:53 [main] INFO  by.epam.app.action.Calculator - Volume calculated
2019-09-21 11:29:53 [main] INFO  by.epam.app.action.Calculator - Volume calculated
2019-09-21 11:29:53 [main] INFO  by.epam.app.action.Calculator - Cone does't intersect
2019-09-21 11:29:53 [main] INFO  by.epam.app.action.Calculator - Area calculated
2019-09-21 11:29:53 [main] INFO  by.epam.app.action.Calculator - Volume calculated
2019-09-21 11:29:53 [main] INFO  by.epam.app.action.Calculator - Volume calculated
2019-09-21 11:29:53 [main] INFO  by.epam.app.action.Calculator - Cone does't intersect
2019-09-21 11:29:53 [main] INFO  by.epam.app.action.Calculator - Area calculated
2019-09-21 11:29:53 [main] INFO  by.epam.app.action.Calculator - Volume calculated
2019-09-21 11:29:53 [main] INFO  by.epam.app.action.Calculator - Volume calculated
2019-09-21 11:29:53 [main] INFO  by.epam.app.action.Calculator - Volume Compare calculated
2019-09-21 11:29:53 [main] INFO  by.epam.app.action.Calculator - Area calculated
2019-09-21 11:29:53 [main] INFO  by.epam.app.action.Calculator - Volume calculated
2019-09-21 11:29:53 [main] INFO  by.epam.app.action.Calculator - Volume calculated
2019-09-21 11:29:53 [main] INFO  by.epam.app.action.Calculator - Volume Compare calculated
2019-09-21 11:29:53 [main] INFO  by.epam.app.action.Calculator - Area calculated
2019-09-21 11:29:53 [main] INFO  by.epam.app.action.Calculator - Volume calculated
2019-09-21 11:29:53 [main] INFO  by.epam.app.action.Calculator - Volume calculated
2019-09-21 11:29:53 [main] INFO  by.epam.app.action.Calculator - Volume Compare calculated
2019-09-21 11:29:53 [main] INFO  by.epam.app.action.Calculator - Area calculated
2019-09-21 11:29:53 [main] INFO  by.epam.app.action.Calculator - Volume calculated
2019-09-21 11:29:53 [main] INFO  by.epam.app.action.Calculator - Volume calculated
2019-09-21 11:29:53 [main] INFO  by.epam.app.action.Calculator - Volume Compare calculated
2019-09-21 11:52:17 [main] INFO  by.epam.app.action.Calculator - Area calculated
2019-09-21 11:52:17 [main] INFO  by.epam.app.action.Calculator - Volume calculated
2019-09-21 11:52:17 [main] INFO  by.epam.app.action.Calculator - Volume calculated
2019-09-21 11:52:17 [main] INFO  by.epam.app.action.Calculator - Cone does't intersect
2019-09-21 11:52:17 [main] INFO  by.epam.app.action.Calculator - Area calculated
2019-09-21 11:52:17 [main] INFO  by.epam.app.action.Calculator - Volume calculated
2019-09-21 11:52:17 [main] INFO  by.epam.app.action.Calculator - Volume calculated
2019-09-21 11:52:17 [main] INFO  by.epam.app.action.Calculator - Cone does't intersect
2019-09-21 11:52:17 [main] INFO  by.epam.app.action.Calculator - Area calculated
2019-09-21 11:52:17 [main] INFO  by.epam.app.action.Calculator - Volume calculated
2019-09-21 11:52:17 [main] INFO  by.epam.app.action.Calculator - Volume calculated
2019-09-21 11:52:17 [main] INFO  by.epam.app.action.Calculator - Cone does't intersect
2019-09-21 11:52:17 [main] INFO  by.epam.app.action.Calculator - Area calculated
2019-09-21 11:52:17 [main] INFO  by.epam.app.action.Calculator - Volume calculated
2019-09-21 11:52:17 [main] INFO  by.epam.app.action.Calculator - Volume calculated
2019-09-21 11:52:17 [main] INFO  by.epam.app.action.Calculator - Cone does't intersect
2019-09-21 11:52:17 [main] INFO  by.epam.app.action.Calculator - Area calculated
2019-09-21 11:52:17 [main] INFO  by.epam.app.action.Calculator - Volume calculated
2019-09-21 11:52:17 [main] INFO  by.epam.app.action.Calculator - Volume calculated
2019-09-21 11:52:17 [main] INFO  by.epam.app.action.Calculator - Volume Compare calculated
2019-09-21 11:52:17 [main] INFO  by.epam.app.action.Calculator - Area calculated
2019-09-21 11:52:17 [main] INFO  by.epam.app.action.Calculator - Volume calculated
2019-09-21 11:52:17 [main] INFO  by.epam.app.action.Calculator - Volume calculated
2019-09-21 11:52:17 [main] INFO  by.epam.app.action.Calculator - Volume Compare calculated
2019-09-21 11:52:17 [main] INFO  by.epam.app.action.Calculator - Area calculated
2019-09-21 11:52:17 [main] INFO  by.epam.app.action.Calculator - Volume calculated
2019-09-21 11:52:17 [main] INFO  by.epam.app.action.Calculator - Volume calculated
2019-09-21 11:52:17 [main] INFO  by.epam.app.action.Calculator - Volume Compare calculated
2019-09-21 11:52:17 [main] INFO  by.epam.app.action.Calculator - Area calculated
2019-09-21 11:52:17 [main] INFO  by.epam.app.action.Calculator - Volume calculated
2019-09-21 11:52:17 [main] INFO  by.epam.app.action.Calculator - Volume calculated
2019-09-21 11:52:17 [main] INFO  by.epam.app.action.Calculator - Volume Compare calculated
2019-09-21 11:52:31 [main] INFO  by.epam.app.action.Calculator - Area calculated
2019-09-21 11:52:31 [main] INFO  by.epam.app.action.Calculator - Volume calculated
2019-09-21 11:52:31 [main] INFO  by.epam.app.action.Calculator - Volume calculated
2019-09-21 11:52:31 [main] INFO  by.epam.app.action.Calculator - Cone does't intersect
2019-09-21 11:52:31 [main] INFO  by.epam.app.action.Calculator - Area calculated
2019-09-21 11:52:31 [main] INFO  by.epam.app.action.Calculator - Volume calculated
2019-09-21 11:52:31 [main] INFO  by.epam.app.action.Calculator - Volume calculated
2019-09-21 11:52:31 [main] INFO  by.epam.app.action.Calculator - Cone does't intersect
2019-09-21 11:52:31 [main] INFO  by.epam.app.action.Calculator - Area calculated
2019-09-21 11:52:31 [main] INFO  by.epam.app.action.Calculator - Volume calculated
2019-09-21 11:52:31 [main] INFO  by.epam.app.action.Calculator - Volume calculated
2019-09-21 11:52:31 [main] INFO  by.epam.app.action.Calculator - Cone does't intersect
2019-09-21 11:52:31 [main] INFO  by.epam.app.action.Calculator - Area calculated
2019-09-21 11:52:31 [main] INFO  by.epam.app.action.Calculator - Volume calculated
2019-09-21 11:52:31 [main] INFO  by.epam.app.action.Calculator - Volume calculated
2019-09-21 11:52:31 [main] INFO  by.epam.app.action.Calculator - Cone does't intersect
2019-09-21 11:52:31 [main] INFO  by.epam.app.action.Calculator - Area calculated
2019-09-21 11:52:31 [main] INFO  by.epam.app.action.Calculator - Volume calculated
2019-09-21 11:52:31 [main] INFO  by.epam.app.action.Calculator - Volume calculated
2019-09-21 11:52:31 [main] INFO  by.epam.app.action.Calculator - Volume Compare calculated
2019-09-21 11:52:31 [main] INFO  by.epam.app.action.Calculator - Area calculated
2019-09-21 11:52:31 [main] INFO  by.epam.app.action.Calculator - Volume calculated
2019-09-21 11:52:31 [main] INFO  by.epam.app.action.Calculator - Volume calculated
2019-09-21 11:52:31 [main] INFO  by.epam.app.action.Calculator - Volume Compare calculated
2019-09-21 11:52:31 [main] INFO  by.epam.app.action.Calculator - Area calculated
2019-09-21 11:52:31 [main] INFO  by.epam.app.action.Calculator - Volume calculated
2019-09-21 11:52:31 [main] INFO  by.epam.app.action.Calculator - Volume calculated
2019-09-21 11:52:31 [main] INFO  by.epam.app.action.Calculator - Volume Compare calculated
2019-09-21 11:52:31 [main] INFO  by.epam.app.action.Calculator - Area calculated
2019-09-21 11:52:31 [main] INFO  by.epam.app.action.Calculator - Volume calculated
2019-09-21 11:52:31 [main] INFO  by.epam.app.action.Calculator - Volume calculated
2019-09-21 11:52:31 [main] INFO  by.epam.app.action.Calculator - Volume Compare calculated
2019-09-21 11:53:22 [main] INFO  by.epam.app.action.Calculator - Area calculated
2019-09-21 11:53:22 [main] INFO  by.epam.app.action.Calculator - Volume calculated
2019-09-21 11:53:22 [main] INFO  by.epam.app.action.Calculator - Volume calculated
2019-09-21 11:53:22 [main] INFO  by.epam.app.action.Calculator - Cone does't intersect
2019-09-21 11:53:22 [main] INFO  by.epam.app.action.Calculator - Area calculated
2019-09-21 11:53:22 [main] INFO  by.epam.app.action.Calculator - Volume calculated
2019-09-21 11:53:22 [main] INFO  by.epam.app.action.Calculator - Volume calculated
2019-09-21 11:53:22 [main] INFO  by.epam.app.action.Calculator - Cone does't intersect
2019-09-21 11:53:22 [main] INFO  by.epam.app.action.Calculator - Area calculated
2019-09-21 11:53:22 [main] INFO  by.epam.app.action.Calculator - Volume calculated
2019-09-21 11:53:22 [main] INFO  by.epam.app.action.Calculator - Volume calculated
2019-09-21 11:53:22 [main] INFO  by.epam.app.action.Calculator - Cone does't intersect
2019-09-21 11:53:22 [main] INFO  by.epam.app.action.Calculator - Area calculated
2019-09-21 11:53:22 [main] INFO  by.epam.app.action.Calculator - Volume calculated
2019-09-21 11:53:22 [main] INFO  by.epam.app.action.Calculator - Volume calculated
2019-09-21 11:53:22 [main] INFO  by.epam.app.action.Calculator - Cone does't intersect
2019-09-21 11:53:22 [main] INFO  by.epam.app.action.Calculator - Area calculated
2019-09-21 11:53:22 [main] INFO  by.epam.app.action.Calculator - Volume calculated
2019-09-21 11:53:22 [main] INFO  by.epam.app.action.Calculator - Volume calculated
2019-09-21 11:53:22 [main] INFO  by.epam.app.action.Calculator - Volume Compare calculated
2019-09-21 11:53:22 [main] INFO  by.epam.app.action.Calculator - Area calculated
2019-09-21 11:53:22 [main] INFO  by.epam.app.action.Calculator - Volume calculated
2019-09-21 11:53:22 [main] INFO  by.epam.app.action.Calculator - Volume calculated
2019-09-21 11:53:22 [main] INFO  by.epam.app.action.Calculator - Volume Compare calculated
2019-09-21 11:53:22 [main] INFO  by.epam.app.action.Calculator - Area calculated
2019-09-21 11:53:22 [main] INFO  by.epam.app.action.Calculator - Volume calculated
2019-09-21 11:53:22 [main] INFO  by.epam.app.action.Calculator - Volume calculated
2019-09-21 11:53:22 [main] INFO  by.epam.app.action.Calculator - Volume Compare calculated
2019-09-21 11:53:22 [main] INFO  by.epam.app.action.Calculator - Area calculated
2019-09-21 11:53:22 [main] INFO  by.epam.app.action.Calculator - Volume calculated
2019-09-21 11:53:22 [main] INFO  by.epam.app.action.Calculator - Volume calculated
2019-09-21 11:53:22 [main] INFO  by.epam.app.action.Calculator - Volume Compare calculated
2019-09-21 11:53:34 [main] INFO  by.epam.app.action.Calculator - Area calculated
2019-09-21 11:53:34 [main] INFO  by.epam.app.action.Calculator - Volume calculated
2019-09-21 11:53:34 [main] INFO  by.epam.app.action.Calculator - Volume calculated
2019-09-21 11:53:34 [main] INFO  by.epam.app.action.Calculator - Cone does't intersect
2019-09-21 11:53:34 [main] INFO  by.epam.app.action.Calculator - Area calculated
2019-09-21 11:53:34 [main] INFO  by.epam.app.action.Calculator - Volume calculated
2019-09-21 11:53:34 [main] INFO  by.epam.app.action.Calculator - Volume calculated
2019-09-21 11:53:34 [main] INFO  by.epam.app.action.Calculator - Cone does't intersect
2019-09-21 11:53:34 [main] INFO  by.epam.app.action.Calculator - Area calculated
2019-09-21 11:53:34 [main] INFO  by.epam.app.action.Calculator - Volume calculated
2019-09-21 11:53:34 [main] INFO  by.epam.app.action.Calculator - Volume calculated
2019-09-21 11:53:34 [main] INFO  by.epam.app.action.Calculator - Cone does't intersect
2019-09-21 11:53:34 [main] INFO  by.epam.app.action.Calculator - Area calculated
2019-09-21 11:53:34 [main] INFO  by.epam.app.action.Calculator - Volume calculated
2019-09-21 11:53:34 [main] INFO  by.epam.app.action.Calculator - Volume calculated
2019-09-21 11:53:34 [main] INFO  by.epam.app.action.Calculator - Cone does't intersect
2019-09-21 11:53:34 [main] INFO  by.epam.app.action.Calculator - Area calculated
2019-09-21 11:53:34 [main] INFO  by.epam.app.action.Calculator - Volume calculated
2019-09-21 11:53:34 [main] INFO  by.epam.app.action.Calculator - Volume calculated
2019-09-21 11:53:34 [main] INFO  by.epam.app.action.Calculator - Volume Compare calculated
2019-09-21 11:53:34 [main] INFO  by.epam.app.action.Calculator - Area calculated
2019-09-21 11:53:34 [main] INFO  by.epam.app.action.Calculator - Volume calculated
2019-09-21 11:53:34 [main] INFO  by.epam.app.action.Calculator - Volume calculated
2019-09-21 11:53:34 [main] INFO  by.epam.app.action.Calculator - Volume Compare calculated
2019-09-21 11:53:34 [main] INFO  by.epam.app.action.Calculator - Area calculated
2019-09-21 11:53:34 [main] INFO  by.epam.app.action.Calculator - Volume calculated
2019-09-21 11:53:34 [main] INFO  by.epam.app.action.Calculator - Volume calculated
2019-09-21 11:53:34 [main] INFO  by.epam.app.action.Calculator - Volume Compare calculated
2019-09-21 11:53:34 [main] INFO  by.epam.app.action.Calculator - Area calculated
2019-09-21 11:53:34 [main] INFO  by.epam.app.action.Calculator - Volume calculated
2019-09-21 11:53:34 [main] INFO  by.epam.app.action.Calculator - Volume calculated
2019-09-21 11:53:34 [main] INFO  by.epam.app.action.Calculator - Volume Compare calculated
2019-09-21 12:18:00 [main] INFO  by.epam.app.action.FReader - Data from file was read successfully
2019-09-21 12:18:00 [main] INFO  by.epam.app.action.ConeFactory - Cone was initialized
2019-09-21 12:19:15 [main] INFO  by.epam.app.action.FReader - Data from file was read successfully
2019-09-21 12:19:15 [main] INFO  by.epam.app.action.ConeFactory - Cone was initialized
2019-09-21 12:19:15 [main] INFO  by.epam.app.action.FReader - Data from file was read successfully
2019-09-21 12:19:15 [main] INFO  by.epam.app.action.ConeFactory - List of Cones was initialized
